This is pdfTeX, Version 3.141592653-2.6-1.40.29 (MiKTeX 26.2) (preloaded format=pdflatex 2026.5.2)  3 MAY 2026 02:09
entering extended mode
 restricted \write18 enabled.
 %&-line parsing enabled.
**./main.tex
(main.tex
LaTeX2e <2025-11-01>
L3 programming layer <2026-03-20>
(C:\Users\Rakib\AppData\Local\Programs\MiKTeX\tex/latex/base\report.cls
Document Class: report 2025/01/22 v1.4n Standard LaTeX document class
(C:\Users\Rakib\AppData\Local\Programs\MiKTeX\tex/latex/base\size12.clo
File: size12.clo 2025/01/22 v1.4n Standard LaTeX file (size option)
)
\c@part=\count275
\c@chapter=\count276
\c@section=\count277
\c@subsection=\count278
\c@subsubsection=\count279
\c@paragraph=\count280
\c@subparagraph=\count281
\c@figure=\count282
\c@table=\count283
\abovecaptionskip=\skip49
\belowcaptionskip=\skip50
\bibindent=\dimen150
)
(preamble.tex
(C:\Users\Rakib\AppData\Local\Programs\MiKTeX\tex/latex/base\inputenc.sty
Package: inputenc 2024/02/08 v1.3d Input encoding file
\inpenc@prehook=\toks17
\inpenc@posthook=\toks18
)
(C:\Users\Rakib\AppData\Local\Programs\MiKTeX\tex/latex/base\fontenc.sty
Package: fontenc 2025/07/18 v2.1d Standard LaTeX package
)
(C:\Users\Rakib\AppData\Local\Programs\MiKTeX\tex/latex/lm\lmodern.sty
Package: lmodern 2015/05/01 v1.6.1 Latin Modern Fonts
LaTeX Font Info:    Overwriting symbol font `operators' in version `normal'
(Font)                  OT1/cmr/m/n --> OT1/lmr/m/n on input line 22.
LaTeX Font Info:    Overwriting symbol font `letters' in version `normal'
(Font)                  OML/cmm/m/it --> OML/lmm/m/it on input line 23.
LaTeX Font Info:    Overwriting symbol font `symbols' in version `normal'
(Font)                  OMS/cmsy/m/n --> OMS/lmsy/m/n on input line 24.
LaTeX Font Info:    Overwriting symbol font `largesymbols' in version `normal'
(Font)                  OMX/cmex/m/n --> OMX/lmex/m/n on input line 25.
LaTeX Font Info:    Overwriting symbol font `operators' in version `bold'
(Font)                  OT1/cmr/bx/n --> OT1/lmr/bx/n on input line 26.
LaTeX Font Info:    Overwriting symbol font `letters' in version `bold'
(Font)                  OML/cmm/b/it --> OML/lmm/b/it on input line 27.
LaTeX Font Info:    Overwriting symbol font `symbols' in version `bold'
(Font)                  OMS/cmsy/b/n --> OMS/lmsy/b/n on input line 28.
LaTeX Font Info:    Overwriting symbol font `largesymbols' in version `bold'
(Font)                  OMX/cmex/m/n --> OMX/lmex/m/n on input line 29.
LaTeX Font Info:    Overwriting math alphabet `\mathbf' in version `normal'
(Font)                  OT1/cmr/bx/n --> OT1/lmr/bx/n on input line 31.
LaTeX Font Info:    Overwriting math alphabet `\mathsf' in version `normal'
(Font)                  OT1/cmss/m/n --> OT1/lmss/m/n on input line 32.
LaTeX Font Info:    Overwriting math alphabet `\mathit' in version `normal'
(Font)                  OT1/cmr/m/it --> OT1/lmr/m/it on input line 33.
LaTeX Font Info:    Overwriting math alphabet `\mathtt' in version `normal'
(Font)                  OT1/cmtt/m/n --> OT1/lmtt/m/n on input line 34.
LaTeX Font Info:    Overwriting math alphabet `\mathbf' in version `bold'
(Font)                  OT1/cmr/bx/n --> OT1/lmr/bx/n on input line 35.
LaTeX Font Info:    Overwriting math alphabet `\mathsf' in version `bold'
(Font)                  OT1/cmss/bx/n --> OT1/lmss/bx/n on input line 36.
LaTeX Font Info:    Overwriting math alphabet `\mathit' in version `bold'
(Font)                  OT1/cmr/bx/it --> OT1/lmr/bx/it on input line 37.
LaTeX Font Info:    Overwriting math alphabet `\mathtt' in version `bold'
(Font)                  OT1/cmtt/m/n --> OT1/lmtt/m/n on input line 38.
)
(C:\Users\Rakib\AppData\Local\Programs\MiKTeX\tex/latex/geometry\geometry.sty
Package: geometry 2026/03/07 v6.0 Page Geometry

(C:\Users\Rakib\AppData\Local\Programs\MiKTeX\tex/latex/graphics\keyval.sty
Package: keyval 2022/05/29 v1.15 key=value parser (DPC)
\KV@toks@=\toks19
)
(C:\Users\Rakib\AppData\Local\Programs\MiKTeX\tex/generic/iftex\ifvtex.sty
Package: ifvtex 2019/10/25 v1.7 ifvtex legacy package. Use iftex instead.

(C:\Users\Rakib\AppData\Local\Programs\MiKTeX\tex/generic/iftex\iftex.sty
Package: iftex 2024/12/12 v1.0g TeX engine tests
))
\Gm@cnth=\count284
\Gm@cntv=\count285
\c@Gm@tempcnt=\count286
\Gm@bindingoffset=\dimen151
\Gm@wd@mp=\dimen152
\Gm@odd@mp=\dimen153
\Gm@even@mp=\dimen154
\Gm@layoutwidth=\dimen155
\Gm@layoutheight=\dimen156
\Gm@layouthoffset=\dimen157
\Gm@layoutvoffset=\dimen158
\Gm@dimlist=\toks20

(C:\Users\Rakib\AppData\Local\Programs\MiKTeX\tex/latex/geometry\geometry.cfg))
(C:\Users\Rakib\AppData\Local\Programs\MiKTeX\tex/latex/graphics\graphicx.sty
Package: graphicx 2024/12/31 v1.2e Enhanced LaTeX Graphics (DPC,SPQR)

(C:\Users\Rakib\AppData\Local\Programs\MiKTeX\tex/latex/graphics\graphics.sty
Package: graphics 2024/08/06 v1.4g Standard LaTeX Graphics (DPC,SPQR)

(C:\Users\Rakib\AppData\Local\Programs\MiKTeX\tex/latex/graphics\trig.sty
Package: trig 2023/12/02 v1.11 sin cos tan (DPC)
)
(C:\Users\Rakib\AppData\Local\Programs\MiKTeX\tex/latex/graphics-cfg\graphics.c
fg
File: graphics.cfg 2016/06/04 v1.11 sample graphics configuration
)
Package graphics Info: Driver file: pdftex.def on input line 106.

(C:\Users\Rakib\AppData\Local\Programs\MiKTeX\tex/latex/graphics-def\pdftex.def
File: pdftex.def 2025/09/29 v1.2d Graphics/color driver for pdftex
))
\Gin@req@height=\dimen159
\Gin@req@width=\dimen160
) (C:\Users\Rakib\AppData\Local\Programs\MiKTeX\tex/latex/amsmath\amsmath.sty
Package: amsmath 2025/07/09 v2.17z AMS math features
\@mathmargin=\skip51
For additional information on amsmath, use the `?' option.
(C:\Users\Rakib\AppData\Local\Programs\MiKTeX\tex/latex/amsmath\amstext.sty
Package: amstext 2024/11/17 v2.01 AMS text

(C:\Users\Rakib\AppData\Local\Programs\MiKTeX\tex/latex/amsmath\amsgen.sty
File: amsgen.sty 1999/11/30 v2.0 generic functions
\@emptytoks=\toks21
\ex@=\dimen161
))
(C:\Users\Rakib\AppData\Local\Programs\MiKTeX\tex/latex/amsmath\amsbsy.sty
Package: amsbsy 1999/11/29 v1.2d Bold Symbols
\pmbraise@=\dimen162
)
(C:\Users\Rakib\AppData\Local\Programs\MiKTeX\tex/latex/amsmath\amsopn.sty
Package: amsopn 2022/04/08 v2.04 operator names
)
\inf@bad=\count287
LaTeX Info: Redefining \frac on input line 233.
\uproot@=\count288
\leftroot@=\count289
LaTeX Info: Redefining \overline on input line 398.
LaTeX Info: Redefining \colon on input line 409.
\classnum@=\count290
\DOTSCASE@=\count291
LaTeX Info: Redefining \ldots on input line 495.
LaTeX Info: Redefining \dots on input line 498.
LaTeX Info: Redefining \cdots on input line 619.
\Mathstrutbox@=\box53
\strutbox@=\box54
LaTeX Info: Redefining \big on input line 721.
LaTeX Info: Redefining \Big on input line 722.
LaTeX Info: Redefining \bigg on input line 723.
LaTeX Info: Redefining \Bigg on input line 724.
\big@size=\dimen163
LaTeX Font Info:    Redeclaring font encoding OML on input line 742.
LaTeX Font Info:    Redeclaring font encoding OMS on input line 743.
\macc@depth=\count292
LaTeX Info: Redefining \bmod on input line 904.
LaTeX Info: Redefining \pmod on input line 909.
LaTeX Info: Redefining \smash on input line 939.
LaTeX Info: Redefining \relbar on input line 969.
LaTeX Info: Redefining \Relbar on input line 970.
\c@MaxMatrixCols=\count293
\dotsspace@=\muskip17
\c@parentequation=\count294
\dspbrk@lvl=\count295
\tag@help=\toks22
\row@=\count296
\column@=\count297
\maxfields@=\count298
\andhelp@=\toks23
\eqnshift@=\dimen164
\alignsep@=\dimen165
\tagshift@=\dimen166
\tagwidth@=\dimen167
\totwidth@=\dimen168
\lineht@=\dimen169
\@envbody=\toks24
\multlinegap=\skip52
\multlinetaggap=\skip53
\mathdisplay@stack=\toks25
LaTeX Info: Redefining \[ on input line 2950.
LaTeX Info: Redefining \] on input line 2951.
)
(C:\Users\Rakib\AppData\Local\Programs\MiKTeX\tex/latex/amsfonts\amssymb.sty
Package: amssymb 2013/01/14 v3.01 AMS font symbols

(C:\Users\Rakib\AppData\Local\Programs\MiKTeX\tex/latex/amsfonts\amsfonts.sty
Package: amsfonts 2013/01/14 v3.01 Basic AMSFonts support
\symAMSa=\mathgroup4
\symAMSb=\mathgroup5
LaTeX Font Info:    Redeclaring math symbol \hbar on input line 98.
LaTeX Font Info:    Overwriting math alphabet `\mathfrak' in version `bold'
(Font)                  U/euf/m/n --> U/euf/b/n on input line 106.
)) (C:\Users\Rakib\AppData\Local\Programs\MiKTeX\tex/latex/hyperref\hyperref.st
y
Package: hyperref 2026-04-24 v7.01q Hypertext links for LaTeX

(C:\Users\Rakib\AppData\Local\Programs\MiKTeX\tex/latex/kvsetkeys\kvsetkeys.sty
Package: kvsetkeys 2022-10-05 v1.19 Key value parser (HO)
)
(C:\Users\Rakib\AppData\Local\Programs\MiKTeX\tex/generic/kvdefinekeys\kvdefine
keys.sty
Package: kvdefinekeys 2019-12-19 v1.6 Define keys (HO)
)
(C:\Users\Rakib\AppData\Local\Programs\MiKTeX\tex/generic/pdfescape\pdfescape.s
ty
Package: pdfescape 2019/12/09 v1.15 Implements pdfTeX's escape features (HO)

(C:\Users\Rakib\AppData\Local\Programs\MiKTeX\tex/generic/ltxcmds\ltxcmds.sty
Package: ltxcmds 2023-12-04 v1.26 LaTeX kernel commands for general use (HO)
)
(C:\Users\Rakib\AppData\Local\Programs\MiKTeX\tex/generic/pdftexcmds\pdftexcmds
.sty
Package: pdftexcmds 2020-06-27 v0.33 Utility functions of pdfTeX for LuaTeX (HO
)

(C:\Users\Rakib\AppData\Local\Programs\MiKTeX\tex/generic/infwarerr\infwarerr.s
ty
Package: infwarerr 2019/12/03 v1.5 Providing info/warning/error messages (HO)
)
Package pdftexcmds Info: \pdf@primitive is available.
Package pdftexcmds Info: \pdf@ifprimitive is available.
Package pdftexcmds Info: \pdfdraftmode found.
))
(C:\Users\Rakib\AppData\Local\Programs\MiKTeX\tex/latex/hycolor\hycolor.sty
Package: hycolor 2020-01-27 v1.10 Color options for hyperref/bookmark (HO)
)
(C:\Users\Rakib\AppData\Local\Programs\MiKTeX\tex/latex/hyperref\nameref.sty
Package: nameref 2026-01-29 v2.58 Cross-referencing by name of section

(C:\Users\Rakib\AppData\Local\Programs\MiKTeX\tex/latex/refcount\refcount.sty
Package: refcount 2019/12/15 v3.6 Data extraction from label references (HO)
)
(C:\Users\Rakib\AppData\Local\Programs\MiKTeX\tex/generic/gettitlestring\gettit
lestring.sty
Package: gettitlestring 2019/12/15 v1.6 Cleanup title references (HO)

(C:\Users\Rakib\AppData\Local\Programs\MiKTeX\tex/latex/kvoptions\kvoptions.sty
Package: kvoptions 2022-06-15 v3.15 Key value format for package options (HO)
))
\c@section@level=\count299
)
(C:\Users\Rakib\AppData\Local\Programs\MiKTeX\tex/latex/etoolbox\etoolbox.sty
Package: etoolbox 2025/10/02 v2.5m e-TeX tools for LaTeX (JAW)
\etb@tempcnta=\count300
)
(C:\Users\Rakib\AppData\Local\Programs\MiKTeX\tex/generic/stringenc\stringenc.s
ty
Package: stringenc 2019/11/29 v1.12 Convert strings between diff. encodings (HO
)
)
\@linkdim=\dimen170
\Hy@linkcounter=\count301
\Hy@pagecounter=\count302
 (C:\Users\Rakib\AppData\Local\Programs\MiKTeX\tex/latex/hyperref\pd1enc.def
File: pd1enc.def 2026-04-24 v7.01q Hyperref: PDFDocEncoding definition (HO)
Now handling font encoding PD1 ...
... no UTF-8 mapping file for font encoding PD1
) (C:\Users\Rakib\AppData\Local\Programs\MiKTeX\tex/generic/intcalc\intcalc.sty
Package: intcalc 2019/12/15 v1.3 Expandable calculations with integers (HO)
)
\Hy@SavedSpaceFactor=\count303
 (C:\Users\Rakib\AppData\Local\Programs\MiKTeX\tex/latex/hyperref\puenc.def
File: puenc.def 2026-04-24 v7.01q Hyperref: PDF Unicode definition (HO)
Now handling font encoding PU ...
... no UTF-8 mapping file for font encoding PU
)
Package hyperref Info: Hyper figures OFF on input line 4199.
Package hyperref Info: Link nesting OFF on input line 4204.
Package hyperref Info: Hyper index ON on input line 4207.
Package hyperref Info: Plain pages OFF on input line 4214.
Package hyperref Info: Backreferencing OFF on input line 4219.
Package hyperref Info: Implicit mode ON; LaTeX internals redefined.
Package hyperref Info: Bookmarks ON on input line 4466.
\c@Hy@tempcnt=\count304

(C:\Users\Rakib\AppData\Local\Programs\MiKTeX\tex/latex/url\url.sty
\Urlmuskip=\muskip18
Package: url 2013/09/16  ver 3.4  Verb mode for urls, etc.
)
LaTeX Info: Redefining \url on input line 4805.
\XeTeXLinkMargin=\dimen171

(C:\Users\Rakib\AppData\Local\Programs\MiKTeX\tex/generic/bitset\bitset.sty
Package: bitset 2019/12/09 v1.3 Handle bit-vector datatype (HO)

(C:\Users\Rakib\AppData\Local\Programs\MiKTeX\tex/generic/bigintcalc\bigintcalc
.sty
Package: bigintcalc 2019/12/15 v1.5 Expandable calculations on big integers (HO
)
))
\Fld@menulength=\count305
\Field@Width=\dimen172
\Fld@charsize=\dimen173
Package hyperref Info: Hyper figures OFF on input line 6091.
Package hyperref Info: Link nesting OFF on input line 6096.
Package hyperref Info: Hyper index ON on input line 6099.
Package hyperref Info: backreferencing OFF on input line 6106.
Package hyperref Info: Link coloring OFF on input line 6111.
Package hyperref Info: Link coloring with OCG OFF on input line 6116.
Package hyperref Info: PDF/A mode OFF on input line 6121.
\Hy@abspage=\count306
\c@Item=\count307
\c@Hfootnote=\count308
)
Package hyperref Info: Driver (autodetected): hpdftex.

(C:\Users\Rakib\AppData\Local\Programs\MiKTeX\tex/latex/hyperref\hpdftex.def
File: hpdftex.def 2026-04-24 v7.01q Hyperref driver for pdfTeX
\Fld@listcount=\count309
\c@bookmark@seq@number=\count310

(C:\Users\Rakib\AppData\Local\Programs\MiKTeX\tex/latex/rerunfilecheck\rerunfil
echeck.sty
Package: rerunfilecheck 2025-06-21 v1.11 Rerun checks for auxiliary files (HO)

(C:\Users\Rakib\AppData\Local\Programs\MiKTeX\tex/generic/uniquecounter\uniquec
ounter.sty
Package: uniquecounter 2019/12/15 v1.4 Provide unlimited unique counter (HO)
)
Package uniquecounter Info: New unique counter `rerunfilecheck' on input line 2
84.
)
\Hy@SectionHShift=\skip54
)
(C:\Users\Rakib\AppData\Local\Programs\MiKTeX\tex/latex/float\float.sty
Package: float 2001/11/08 v1.3d Float enhancements (AL)
\c@float@type=\count311
\float@exts=\toks26
\float@box=\box55
\@float@everytoks=\toks27
\@floatcapt=\box56
)
(C:\Users\Rakib\AppData\Local\Programs\MiKTeX\tex/latex/cite\cite.sty
LaTeX Info: Redefining \cite on input line 302.
LaTeX Info: Redefining \nocite on input line 332.
Package: cite 2015/02/27  v 5.5
)
(C:\Users\Rakib\AppData\Local\Programs\MiKTeX\tex/latex/titlesec\titlesec.sty
Package: titlesec 2025/01/04 v2.17 Sectioning titles
\ttl@box=\box57
\beforetitleunit=\skip55
\aftertitleunit=\skip56
\ttl@plus=\dimen174
\ttl@minus=\dimen175
\ttl@toksa=\toks28
\titlewidth=\dimen176
\titlewidthlast=\dimen177
\titlewidthfirst=\dimen178
)
(C:\Users\Rakib\AppData\Local\Programs\MiKTeX\tex/latex/fancyhdr\fancyhdr.sty
Package: fancyhdr 2025/02/07 v5.2 Extensive control of page headers and footers

\f@nch@headwidth=\skip57
\f@nch@offset@elh=\skip58
\f@nch@offset@erh=\skip59
\f@nch@offset@olh=\skip60
\f@nch@offset@orh=\skip61
\f@nch@offset@elf=\skip62
\f@nch@offset@erf=\skip63
\f@nch@offset@olf=\skip64
\f@nch@offset@orf=\skip65
\f@nch@height=\skip66
\f@nch@footalignment=\skip67
\f@nch@widthL=\skip68
\f@nch@widthC=\skip69
\f@nch@widthR=\skip70
\@temptokenb=\toks29
)
(C:\Users\Rakib\AppData\Local\Programs\MiKTeX\tex/latex/xcolor\xcolor.sty
Package: xcolor 2024/09/29 v3.02 LaTeX color extensions (UK)

(C:\Users\Rakib\AppData\Local\Programs\MiKTeX\tex/latex/graphics-cfg\color.cfg
File: color.cfg 2016/01/02 v1.6 sample color configuration
)
Package xcolor Info: Driver file: pdftex.def on input line 274.
(C:\Users\Rakib\AppData\Local\Programs\MiKTeX\tex/latex/graphics\mathcolor.ltx)
Package xcolor Info: Model `cmy' substituted by `cmy0' on input line 1349.
Package xcolor Info: Model `hsb' substituted by `rgb' on input line 1353.
Package xcolor Info: Model `RGB' extended on input line 1365.
Package xcolor Info: Model `HTML' substituted by `rgb' on input line 1367.
Package xcolor Info: Model `Hsb' substituted by `hsb' on input line 1368.
Package xcolor Info: Model `tHsb' substituted by `hsb' on input line 1369.
Package xcolor Info: Model `HSB' substituted by `hsb' on input line 1370.
Package xcolor Info: Model `Gray' substituted by `gray' on input line 1371.
Package xcolor Info: Model `wave' substituted by `hsb' on input line 1372.
) (C:\Users\Rakib\AppData\Local\Programs\MiKTeX\tex/latex/enumitem\enumitem.sty
Package: enumitem 2025/02/06 v3.11 Customized lists
\labelindent=\skip71
\enit@outerparindent=\dimen179
\enit@toks=\toks30
\enit@inbox=\box58
\enit@count@id=\count312
\enitdp@description=\count313
) (C:\Users\Rakib\AppData\Local\Programs\MiKTeX\tex/latex/setspace\setspace.sty
Package: setspace 2022/12/04 v6.7b set line spacing
) (C:\Users\Rakib\AppData\Local\Programs\MiKTeX\tex/latex/tools\longtable.sty
Package: longtable 2025-10-13 v4.24 Multi-page Table package (DPC)
\LTleft=\skip72
\LTright=\skip73
\LTpre=\skip74
\LTpost=\skip75
\LTchunksize=\count314
\LTcapwidth=\dimen180
\LT@head=\box59
\LT@firsthead=\box60
\LT@foot=\box61
\LT@lastfoot=\box62
\LT@gbox=\box63
\LT@cols=\count315
\LT@rows=\count316
\c@LT@tables=\count317
\c@LT@chunks=\count318
\LT@p@ftn=\toks31
)
(C:\Users\Rakib\AppData\Local\Programs\MiKTeX\tex/latex/booktabs\booktabs.sty
Package: booktabs 2020/01/12 v1.61803398 Publication quality tables
\heavyrulewidth=\dimen181
\lightrulewidth=\dimen182
\cmidrulewidth=\dimen183
\belowrulesep=\dimen184
\belowbottomsep=\dimen185
\aboverulesep=\dimen186
\abovetopsep=\dimen187
\cmidrulesep=\dimen188
\cmidrulekern=\dimen189
\defaultaddspace=\dimen190
\@cmidla=\count319
\@cmidlb=\count320
\@aboverulesep=\dimen191
\@belowrulesep=\dimen192
\@thisruleclass=\count321
\@lastruleclass=\count322
\@thisrulewidth=\dimen193
)
(C:\Users\Rakib\AppData\Local\Programs\MiKTeX\tex/latex/tools\array.sty
Package: array 2025/09/25 v2.6n Tabular extension package (FMi)
\col@sep=\dimen194
\ar@mcellbox=\box64
\extrarowheight=\dimen195
\NC@list=\toks32
\extratabsurround=\skip76
\backup@length=\skip77
\ar@cellbox=\box65
)
(C:\Users\Rakib\AppData\Local\Programs\MiKTeX\tex/latex/tools\tabularx.sty
Package: tabularx 2023/12/11 v2.12a `tabularx' package (DPC)
\TX@col@width=\dimen196
\TX@old@table=\dimen197
\TX@old@col=\dimen198
\TX@target=\dimen199
\TX@delta=\dimen256
\TX@cols=\count323
\TX@ftn=\toks33
)
(C:\Users\Rakib\AppData\Local\Programs\MiKTeX\tex/latex/caption\caption.sty
Package: caption 2023/08/05 v3.6o Customizing captions (AR)

(C:\Users\Rakib\AppData\Local\Programs\MiKTeX\tex/latex/caption\caption3.sty
Package: caption3 2023/07/31 v2.4d caption3 kernel (AR)
\caption@tempdima=\dimen257
\captionmargin=\dimen258
\caption@leftmargin=\dimen259
\caption@rightmargin=\dimen260
\caption@width=\dimen261
\caption@indent=\dimen262
\caption@parindent=\dimen263
\caption@hangindent=\dimen264
Package caption Info: Standard document class detected.
)
\c@caption@flags=\count324
\c@continuedfloat=\count325
Package caption Info: float package is loaded.
Package caption Info: hyperref package is loaded.
Package caption Info: longtable package is loaded.

(C:\Users\Rakib\AppData\Local\Programs\MiKTeX\tex/latex/caption\ltcaption.sty
Package: ltcaption 2021/01/08 v1.4c longtable captions (AR)
)) (C:\Users\Rakib\AppData\Local\Programs\MiKTeX\tex/latex/caption\subcaption.s
ty
Package: subcaption 2023/07/28 v1.6b Sub-captions (AR)
Package caption Info: New subtype `subfigure' on input line 238.
\c@subfigure=\count326
Package caption Info: New subtype `subtable' on input line 238.
\c@subtable=\count327
) (C:\Users\Rakib\AppData\Local\Programs\MiKTeX\tex/latex/listings\listings.sty
\lst@mode=\count328
\lst@gtempboxa=\box66
\lst@token=\toks34
\lst@length=\count329
\lst@currlwidth=\dimen265
\lst@column=\count330
\lst@pos=\count331
\lst@lostspace=\dimen266
\lst@width=\dimen267
\lst@newlines=\count332
\lst@lineno=\count333
\lst@maxwidth=\dimen268
(C:\Users\Rakib\AppData\Local\Programs\MiKTeX\tex/latex/listings\lstpatch.sty
File: lstpatch.sty 2025/11/14 1.11b (Carsten Heinz)
)
(C:\Users\Rakib\AppData\Local\Programs\MiKTeX\tex/latex/listings\lstmisc.sty
File: lstmisc.sty 2025/11/14 1.11b (Carsten Heinz)
\c@lstnumber=\count334
\lst@skipnumbers=\count335
\lst@framebox=\box67
)
(C:\Users\Rakib\AppData\Local\Programs\MiKTeX\tex/latex/listings\listings.cfg
File: listings.cfg 2025/11/14 1.11b listings configuration
))
Package: listings 2025/11/14 1.11b (Carsten Heinz)
==> First Aid for listings.sty no longer applied!
    Expected:
        2024/09/23 1.10c (Carsten Heinz)
    but found:
        2025/11/14 1.11b (Carsten Heinz)
    so I'm assuming it got fixed.

(C:\Users\Rakib\AppData\Local\Programs\MiKTeX\tex/latex/microtype\microtype.sty
Package: microtype 2026/03/01 v3.2d Micro-typographical refinements (RS)
\MT@toks=\toks35
\MT@tempbox=\box68
\MT@count=\count336
LaTeX Info: Redefining \noprotrusionifhmode on input line 1084.
LaTeX Info: Redefining \leftprotrusion on input line 1085.
\MT@prot@toks=\toks36
LaTeX Info: Redefining \rightprotrusion on input line 1104.
LaTeX Info: Redefining \textls on input line 1449.
\MT@outer@kern=\dimen269
LaTeX Info: Redefining \microtypecontext on input line 2053.
LaTeX Info: Redefining \textmicrotypecontext on input line 2070.
\MT@listname@count=\count337

(C:\Users\Rakib\AppData\Local\Programs\MiKTeX\tex/latex/microtype\microtype-pdf
tex.def
File: microtype-pdftex.def 2026/03/01 v3.2d Definitions specific to pdftex (RS)

LaTeX Info: Redefining \lsstyle on input line 944.
LaTeX Info: Redefining \lslig on input line 944.
\MT@outer@space=\skip78
)
Package microtype Info: Loading configuration file microtype.cfg.

(C:\Users\Rakib\AppData\Local\Programs\MiKTeX\tex/latex/microtype\microtype.cfg
File: microtype.cfg 2026/03/01 v3.2d microtype main configuration file (RS)
)
LaTeX Info: Redefining \microtypesetup on input line 3065.
)
Package hyperref Info: Option `colorlinks' set `true' on input line 44.
)
LaTeX Font Info:    Trying to load font information for T1+lmr on input line 12
.
 (C:\Users\Rakib\AppData\Local\Programs\MiKTeX\tex/latex/lm\t1lmr.fd
File: t1lmr.fd 2015/05/01 v1.6.1 Font defs for Latin Modern
)
(C:\Users\Rakib\AppData\Local\Programs\MiKTeX\tex/latex/l3backend\l3backend-pdf
tex.def
File: l3backend-pdftex.def 2026-02-18 L3 backend support: PDF output (pdfTeX)
\l__color_backend_stack_int=\count338
) (main.aux (chapters/titlepage.aux) (extra/transmittal.aux)
(extra/endorsement.aux) (chapters/acknowledgement.aux)
(chapters/executive_summary.aux) (chapters/introduction.aux)
(chapters/company_profile.aux) (chapters/methodology.aux)
(chapters/internship_activities.aux) (chapters/skills.aux) (chapters/life.aux)
(chapters/conclusion.aux) (chapters/references.aux))
\openout1 = `main.aux'.

LaTeX Font Info:    Checking defaults for OML/cmm/m/it on input line 12.
LaTeX Font Info:    ... okay on input line 12.
LaTeX Font Info:    Checking defaults for OMS/cmsy/m/n on input line 12.
LaTeX Font Info:    ... okay on input line 12.
LaTeX Font Info:    Checking defaults for OT1/cmr/m/n on input line 12.
LaTeX Font Info:    ... okay on input line 12.
LaTeX Font Info:    Checking defaults for T1/cmr/m/n on input line 12.
LaTeX Font Info:    ... okay on input line 12.
LaTeX Font Info:    Checking defaults for TS1/cmr/m/n on input line 12.
LaTeX Font Info:    ... okay on input line 12.
LaTeX Font Info:    Checking defaults for OMX/cmex/m/n on input line 12.
LaTeX Font Info:    ... okay on input line 12.
LaTeX Font Info:    Checking defaults for U/cmr/m/n on input line 12.
LaTeX Font Info:    ... okay on input line 12.
LaTeX Font Info:    Checking defaults for PD1/pdf/m/n on input line 12.
LaTeX Font Info:    ... okay on input line 12.
LaTeX Font Info:    Checking defaults for PU/pdf/m/n on input line 12.
LaTeX Font Info:    ... okay on input line 12.

*geometry* driver: auto-detecting
*geometry* detected driver: pdftex
*geometry* verbose mode - [ preamble ] result:
* driver: pdftex
* paper: a4paper
* layout: <same size as paper>
* layoutoffset:(h,v)=(0.0pt,0.0pt)
* modes: 
* h-part:(L,W,R)=(72.26999pt, 452.9679pt, 72.26999pt)
* v-part:(T,H,B)=(72.26999pt, 700.50687pt, 72.26999pt)
* \paperwidth=597.50787pt
* \paperheight=845.04684pt
* \textwidth=452.9679pt
* \textheight=700.50687pt
* \oddsidemargin=0.0pt
* \evensidemargin=0.0pt
* \topmargin=-3.0pt
* \headheight=15.0pt
* \headsep=25.0pt
* \topskip=12.0pt
* \footskip=30.0pt
* \marginparwidth=44.0pt
* \marginparsep=10.0pt
* \columnsep=10.0pt
* \skip\footins=10.8pt plus 4.0pt minus 2.0pt
* \hoffset=0.0pt
* \voffset=0.0pt
* \mag=1000
* \@twocolumnfalse
* \@twosidefalse
* \@mparswitchfalse
* \@reversemarginfalse
* (1in=72.27pt=25.4mm, 1cm=28.453pt)


(C:\Users\Rakib\AppData\Local\Programs\MiKTeX\tex/context/base/mkii\supp-pdf.mk
ii
[Loading MPS to PDF converter (version 2006.09.02).]
\scratchcounter=\count339
\scratchdimen=\dimen270
\scratchbox=\box69
\nofMPsegments=\count340
\nofMParguments=\count341
\everyMPshowfont=\toks37
\MPscratchCnt=\count342
\MPscratchDim=\dimen271
\MPnumerator=\count343
\makeMPintoPDFobject=\count344
\everyMPtoPDFconversion=\toks38
)
(C:\Users\Rakib\AppData\Local\Programs\MiKTeX\tex/latex/epstopdf-pkg\epstopdf-b
ase.sty
Package: epstopdf-base 2020-01-24 v2.11 Base part for package epstopdf
Package epstopdf-base Info: Redefining graphics rule for `.eps' on input line 4
85.

(C:\Users\Rakib\AppData\Local\Programs\MiKTeX\tex/latex/00miktex\epstopdf-sys.c
fg
File: epstopdf-sys.cfg 2021/03/18 v2.0 Configuration of epstopdf for MiKTeX
))
Package hyperref Info: Link coloring ON on input line 12.
 (main.out) (main.out)
\@outlinefile=\write3
\openout3 = `main.out'.

Package caption Info: Begin \AtBeginDocument code.
Package caption Info: listings package is loaded.
Package caption Info: End \AtBeginDocument code.
\c@lstlisting=\count345
LaTeX Info: Redefining \microtypecontext on input line 12.
Package microtype Info: Applying patch `item' on input line 12.
Package microtype Info: Applying patch `toc' on input line 12.
Package microtype Info: Applying patch `eqnum' on input line 12.


Package microtype Warning: Unable to apply patch `footnote' on input line 12.

Package microtype Info: Applying patch `verbatim' on input line 12.
LaTeX Info: Redefining \microtypesetup on input line 12.
Package microtype Info: Generating PDF output.
Package microtype Info: Character protrusion enabled (level 2).
Package microtype Info: Using default protrusion set `alltext'.
Package microtype Info: Automatic font expansion enabled (level 2),
(microtype)             stretch: 20, shrink: 20, step: 1, non-selected.
Package microtype Info: Using default expansion set `alltext-nott'.
Package microtype Info: Patching command `\showhyphens'.
Package microtype Info: No adjustment of tracking.
Package microtype Info: No adjustment of interword spacing.
Package microtype Info: No adjustment of character kerning.
(C:\Users\Rakib\AppData\Local\Programs\MiKTeX\tex/latex/microtype\mt-cmr.cfg
File: mt-cmr.cfg 2013/05/19 v2.2 microtype config. file: Computer Modern Roman 
(RS)
)
\openout2 = `chapters/titlepage.aux'.


(chapters/titlepage.tex
<figures/sust.png, id=419, 1453.43pt x 1606.0pt>
File: figures/sust.png Graphic file (type png)
<use figures/sust.png>
Package pdftex.def Info: figures/sust.png  used on input line 5.
(pdftex.def)             Requested size: 508.70811pt x 562.10843pt.

Overfull \hbox (55.74022pt too wide) in paragraph at lines 5--5
 [][] 
 []

[1


{C:/Users/Rakib/AppData/Local/MiKTeX/fonts/map/pdftex/pdftex.map}{C:/Users/Raki
b/AppData/Local/Programs/MiKTeX/fonts/enc/dvips/lm/lm-ec.enc} <./figures/sust.p
ng>]
<figures/flowgenx_ai_logo.png, id=429, 200.75pt x 200.75pt>
File: figures/flowgenx_ai_logo.png Graphic file (type png)
<use figures/flowgenx_ai_logo.png>
Package pdftex.def Info: figures/flowgenx_ai_logo.png  used on input line 23.
(pdftex.def)             Requested size: 90.33665pt x 90.33665pt.
LaTeX Font Info:    Trying to load font information for OT1+lmr on input line 2
8.
 (C:\Users\Rakib\AppData\Local\Programs\MiKTeX\tex/latex/lm\ot1lmr.fd
File: ot1lmr.fd 2015/05/01 v1.6.1 Font defs for Latin Modern
)
LaTeX Font Info:    Trying to load font information for OML+lmm on input line 2
8.

(C:\Users\Rakib\AppData\Local\Programs\MiKTeX\tex/latex/lm\omllmm.fd
File: omllmm.fd 2015/05/01 v1.6.1 Font defs for Latin Modern
)
LaTeX Font Info:    Trying to load font information for OMS+lmsy on input line 
28.

(C:\Users\Rakib\AppData\Local\Programs\MiKTeX\tex/latex/lm\omslmsy.fd
File: omslmsy.fd 2015/05/01 v1.6.1 Font defs for Latin Modern
)
LaTeX Font Info:    Trying to load font information for OMX+lmex on input line 
28.

(C:\Users\Rakib\AppData\Local\Programs\MiKTeX\tex/latex/lm\omxlmex.fd
File: omxlmex.fd 2015/05/01 v1.6.1 Font defs for Latin Modern
)
LaTeX Font Info:    External font `lmex10' loaded for size
(Font)              <12> on input line 28.
LaTeX Font Info:    External font `lmex10' loaded for size
(Font)              <8> on input line 28.
LaTeX Font Info:    External font `lmex10' loaded for size
(Font)              <6> on input line 28.
LaTeX Font Info:    Trying to load font information for U+msa on input line 28.


(C:\Users\Rakib\AppData\Local\Programs\MiKTeX\tex/latex/amsfonts\umsa.fd
File: umsa.fd 2013/01/14 v3.01 AMS symbols A
)
(C:\Users\Rakib\AppData\Local\Programs\MiKTeX\tex/latex/microtype\mt-msa.cfg
File: mt-msa.cfg 2006/02/04 v1.1 microtype config. file: AMS symbols (a) (RS)
)
LaTeX Font Info:    Trying to load font information for U+msb on input line 28.


(C:\Users\Rakib\AppData\Local\Programs\MiKTeX\tex/latex/amsfonts\umsb.fd
File: umsb.fd 2013/01/14 v3.01 AMS symbols B
)
(C:\Users\Rakib\AppData\Local\Programs\MiKTeX\tex/latex/microtype\mt-msb.cfg
File: mt-msb.cfg 2005/06/01 v1.0 microtype config. file: AMS symbols (b) (RS)
)
[2 <./figures/flowgenx_ai_logo.png>])
\openout2 = `extra/transmittal.aux'.

 (extra/transmittal.tex
Underfull \hbox (badness 10000) in paragraph at lines 9--15

 []

LaTeX Font Info:    Trying to load font information for T1+lmtt on input line 4
1.
(C:\Users\Rakib\AppData\Local\Programs\MiKTeX\tex/latex/lm\t1lmtt.fd
File: t1lmtt.fd 2015/05/01 v1.6.1 Font defs for Latin Modern
)
Package microtype Info: Loading generic protrusion settings for font family
(microtype)             `lmtt' (encoding: T1).
(microtype)             For optimal results, create family-specific settings.
(microtype)             See the microtype manual for details.

pdfTeX warning (ext4): destination with the same identifier (name{page.1}) has 
been already used, duplicate ignored
<to be read again> 
                   \relax 
l.59 \newpage
              [1



])
\openout2 = `extra/endorsement.aux'.

 (extra/endorsement.tex
pdfTeX warning (ext4): destination with the same identifier (name{page.2}) has 
been already used, duplicate ignored
<to be read again> 
                   \relax 
l.84 \newpage
              [2



])
\openout2 = `chapters/acknowledgement.aux'.

 (chapters/acknowledgement.tex [3




] [4])
\openout2 = `chapters/executive_summary.aux'.


(chapters/executive_summary.tex) [5




] (main.toc [1



] [2] [3])
\tf@toc=\write4
\openout4 = `main.toc'.

 [4] (main.lof)
\tf@lof=\write5
\openout5 = `main.lof'.


[5

]
\openout2 = `chapters/introduction.aux'.

 (chapters/introduction.tex
Chapter 1.

pdfTeX warning (ext4): destination with the same identifier (name{page.1}) has 
been already used, duplicate ignored
<to be read again> 
                   \relax 
l.40 
      [1


]
LaTeX Font Info:    Trying to load font information for TS1+lmr on input line 7
6.
 (C:\Users\Rakib\AppData\Local\Programs\MiKTeX\tex/latex/lm\ts1lmr.fd
File: ts1lmr.fd 2015/05/01 v1.6.1 Font defs for Latin Modern
)
pdfTeX warning (ext4): destination with the same identifier (name{page.2}) has 
been already used, duplicate ignored
<to be read again> 
                   \relax 
l.92 
      [2{C:/Users/Rakib/AppData/Local/Programs/MiKTeX/fonts/enc/dvips/lm/lm-ts1
.enc}]
pdfTeX warning (ext4): destination with the same identifier (name{page.3}) has 
been already used, duplicate ignored
<to be read again> 
                   \relax 
l.144 \end{itemize}
                    [3])
pdfTeX warning (ext4): destination with the same identifier (name{page.4}) has 
been already used, duplicate ignored
<to be read again> 
                   \relax 
l.36 \include{chapters/introduction}
                                     [4]
\openout2 = `chapters/company_profile.aux'.

 (chapters/company_profile.tex
Chapter 2.

pdfTeX warning (ext4): destination with the same identifier (name{page.5}) has 
been already used, duplicate ignored
<to be read again> 
                   \relax 
l.43 \section{Vision}
                      [5




] [6]
<figures/screenshots/workflow_editor.jpg, id=631, 1152.10425pt x 555.87675pt>
File: figures/screenshots/workflow_editor.jpg Graphic file (type jpg)
<use figures/screenshots/workflow_editor.jpg>
Package pdftex.def Info: figures/screenshots/workflow_editor.jpg  used on input
 line 127.
(pdftex.def)             Requested size: 430.31812pt x 207.62202pt.
 [7] [8 <./figures/screenshots/workflow_editor.jpg>] [9] [10] [11]
Overfull \hbox (1.16833pt too wide) in paragraph at lines 327--332
[]\T1/lmr/bx/n/12 (-20) Databases. \T1/lmr/m/n/12 (-20) Re-la-tional en-gines (
Post-greSQL, MySQL, Mi-crosoft SQL Server, Snowflake,
 []

[12] [13]
Overfull \hbox (31.03395pt too wide) in paragraph at lines 395--407
\T1/lmtt/m/n/12 IngestionComponent\T1/lmr/m/n/12 (-20) , \T1/lmtt/m/n/12 Filter
Component\T1/lmr/m/n/12 (-20) , \T1/lmtt/m/n/12 DataMappingComponent\T1/lmr/m/n
/12 (-20) , \T1/lmtt/m/n/12 DataPrivacyComponent
 []


Overfull \hbox (74.37392pt too wide) in paragraph at lines 395--407
\T1/lmr/m/n/12 (-20) email, and other PII), \T1/lmtt/m/n/12 WriteComponent\T1/l
mr/m/n/12 (-20) , \T1/lmtt/m/n/12 JoinerComponent\T1/lmr/m/n/12 (-20) , \T1/lmt
t/m/n/12 HTTPNodeComponent\T1/lmr/m/n/12 (-20) , \T1/lmtt/m/n/12 ForeachCompone
nt\T1/lmr/m/n/12 (-20) ,
 []

[14]
Overfull \hbox (55.8071pt too wide) in paragraph at lines 463--467
[]\T1/lmr/bx/n/12 (-20) Continuous learn-ing. \T1/lmr/m/n/12 (-20) The com-pany
 main-tains an ex-ten-sive blog (\T1/lmtt/m/n/12 https://blog.flowgenx.ai/\T1/l
mr/m/n/12 (-20) )
 []

) [15]
\openout2 = `chapters/methodology.aux'.

 (chapters/methodology.tex
Chapter 3.
[16




] [17]
LaTeX Font Info:    Font shape `T1/lmtt/bx/n' in size <12> not available
(Font)              Font shape `T1/lmtt/b/n' tried instead on input line 94.

Overfull \hbox (68.77873pt too wide) in paragraph at lines 100--106
[]\T1/lmtt/m/n/12 DBManager \T1/lmr/m/n/12 (-20) --- adds stan-dard database op
-er-a-tions (\T1/lmtt/m/n/12 _list_tables\T1/lmr/m/n/12 (-20) , \T1/lmtt/m/n/12
 _read_table_as_dataframe\T1/lmr/m/n/12 (-20) ,
 []


Overfull \hbox (24.71739pt too wide) in paragraph at lines 100--106
\T1/lmtt/m/n/12 _execute_query_to_database\T1/lmr/m/n/12 (-20) , \T1/lmtt/m/n/1
2 _write_table_to_dataframe\T1/lmr/m/n/12 (-20) , \T1/lmtt/m/n/12 _get_table_sc
hema\T1/lmr/m/n/12 (-20) ). 
 []


Overfull \hbox (8.91722pt too wide) in paragraph at lines 126--129
[]\T1/lmtt/m/n/12 specs/ \T1/lmr/m/n/12 (-20) (for newer con-nec-tors) holds th
e auto-generated \T1/lmtt/m/n/12 connector_metadata.json\T1/lmr/m/n/12 (-20) ,
 []

[18]
Overfull \hbox (16.87457pt too wide) in paragraph at lines 180--185
[] []\T1/lmr/bx/n/12 (-20) Unit and con-tract tests.[] \T1/lmr/m/n/12 (-20) Eac
h con-nec-tor ships with \T1/lmtt/m/n/12 tests/connectors/test_<name>.py\T1/lmr
/m/n/12 (-20) .
 []

Package microtype Info: Character `029' is missing
(microtype)             in font `T1/lmr/m/sc/12'.
(microtype)             Ignoring protrusion settings for this character.

Overfull \hbox (44.95741pt too wide) in paragraph at lines 187--196
\T1/lmr/m/n/12 (-20) wrote a ded-i-cated in-te-gra-tion test script un-der \T1/
lmtt/m/n/12 scripts/ \T1/lmr/m/n/12 (-20) named \T1/lmtt/m/n/12 test_<connector
>_connector.py\T1/lmr/m/n/12 (-20) .
 []

[19]
<figures/screenshots/MCP_playground.jpg, id=700, 1149.69525pt x 555.87675pt>
File: figures/screenshots/MCP_playground.jpg Graphic file (type jpg)
<use figures/screenshots/MCP_playground.jpg>
Package pdftex.def Info: figures/screenshots/MCP_playground.jpg  used on input 
line 208.
(pdftex.def)             Requested size: 430.31812pt x 208.05461pt.
 [20 <./figures/screenshots/MCP_playground.jpg>] [21]
Overfull \hbox (89.19193pt too wide) in paragraph at lines 277--282
[]\T1/lmr/m/n/12 (-20) Errors raised in-side a con-nec-tor use \T1/lmtt/m/n/12 
ConnectionExecutionError \T1/lmr/m/n/12 (-20) (from \T1/lmtt/m/n/12 runtime_con
nectivity.errors\T1/lmr/m/n/12 (-20) )
 []


Overfull \hbox (2.6304pt too wide) in paragraph at lines 282--286
[]\T1/lmr/m/n/12 (-20) Logging goes through the struc-tured \T1/lmtt/m/n/12 app
_logger \T1/lmr/m/n/12 (-20) from \T1/lmtt/m/n/12 runtime_connectivity.logger\T
1/lmr/m/n/12 (-20) ,
 []

) [22]
\openout2 = `chapters/internship_activities.aux'.

 (chapters/internship_activities.tex
Chapter 4.

Overfull \hbox (6.66406pt too wide) in paragraph at lines 1--1
|\T1/lmr/bx/n/24.88 (-20) Internship Ac-tiv-i-ties and Project Work| 
 []

[23




]
Overfull \hbox (19.63257pt too wide) in paragraph at lines 76--81
[]\T1/lmr/m/n/12 (-20) Cloning the four repos-i-to-ries (\T1/lmtt/m/n/12 flowge
nx-nextjs-V2\T1/lmr/m/n/12 (-20) , \T1/lmtt/m/n/12 runtime_apis\T1/lmr/m/n/12 (
-20) , \T1/lmtt/m/n/12 runtime_components\T1/lmr/m/n/12 (-20) ,
 []

[24]
Overfull \hbox (13.68272pt too wide) in paragraph at lines 95--104
\T1/lmr/m/n/12 (-20) ab-strac-tion (\T1/lmtt/m/n/12 BaseManager \TS1/lmr/m/n/12
 (-20) ^^Y \T1/lmtt/m/n/12 DBManager\T1/lmr/m/n/12 (-20) /\T1/lmtt/m/n/12 FSMan
ager\T1/lmr/m/n/12 (-20) /\T1/lmtt/m/n/12 ObjManager\T1/lmr/m/n/12 (-20) ), the
 \T1/lmtt/m/n/12 @openapi_endpoint
 []


Overfull \hbox (59.38504pt too wide) in paragraph at lines 113--116
[]\T1/lmr/m/n/12 (-20) Auto-generated meta-data (\T1/lmtt/m/n/12 openapi_spec.j
son\T1/lmr/m/n/12 (-20) , \T1/lmtt/m/n/12 auth_config.json\T1/lmr/m/n/12 (-20) 
, \T1/lmtt/m/n/12 connector_metadata.json\T1/lmr/m/n/12 (-20) ). 
 []

[25]
Overfull \hbox (19.5032pt too wide) in paragraph at lines 154--161
\T1/lmr/m/n/12 (-20) The re-main-ing five months of the in-tern-ship were spent
 con-tribut-ing to \T1/lmtt/m/n/12 runtime_connectivity
 []


Overfull \hbox (39.64491pt too wide) in paragraph at lines 169--172
[]\T1/lmr/bx/n/12 (-20) Branch. \T1/lmr/m/n/12 (-20) Cre-ate a fea-ture branch 
named for the con-nec-tor (for ex-am-ple, \T1/lmtt/m/n/12 wordpress-connector\T
1/lmr/m/n/12 (-20) ,
 []

[26]
Overfull \hbox (11.1594pt too wide) in paragraph at lines 192--197
[]\T1/lmr/bx/n/12 (-20) Metadata gen-er-a-tion. \T1/lmr/m/n/12 (-20) Run \T1/lm
tt/m/n/12 generate_openapi_spec.py\T1/lmr/m/n/12 (-20) , \T1/lmtt/m/n/12 genera
te_auth_config.py\T1/lmr/m/n/12 (-20) ,
 []

<figures/screenshots/Auth_config.jpg, id=737, 1150.89975pt x 557.6835pt>
File: figures/screenshots/Auth_config.jpg Graphic file (type jpg)
<use figures/screenshots/Auth_config.jpg>
Package pdftex.def Info: figures/screenshots/Auth_config.jpg  used on input lin
e 218.
(pdftex.def)             Requested size: 430.31812pt x 208.5181pt.
[27] [28 <./figures/screenshots/Auth_config.jpg>]
Overfull \vbox (213.044pt too high) has occurred while \output is active []


[29] [30]
<figures/screenshots/APP_gallery.jpg, id=768, 1150.89975pt x 557.08125pt>
File: figures/screenshots/APP_gallery.jpg Graphic file (type jpg)
<use figures/screenshots/APP_gallery.jpg>
Package pdftex.def Info: figures/screenshots/APP_gallery.jpg  used on input lin
e 321.
(pdftex.def)             Requested size: 430.31812pt x 208.29292pt.
<figures/screenshots/Connected_apps.jpg, id=769, 1149.69525pt x 555.2745pt>
File: figures/screenshots/Connected_apps.jpg Graphic file (type jpg)
<use figures/screenshots/Connected_apps.jpg>
Package pdftex.def Info: figures/screenshots/Connected_apps.jpg  used on input 
line 329.
(pdftex.def)             Requested size: 430.31812pt x 207.82921pt.
 [31 <./figures/screenshots/APP_gallery.jpg>] [32 <./figures/screenshots/Connec
ted_apps.jpg>] [33]
<figures/screenshots/paricular_connector_endpoint_test.jpg, id=783, 1143.0705pt
 x 551.661pt>
File: figures/screenshots/paricular_connector_endpoint_test.jpg Graphic file (t
ype jpg)
<use figures/screenshots/paricular_connector_endpoint_test.jpg>
Package pdftex.def Info: figures/screenshots/paricular_connector_endpoint_test.
jpg  used on input line 433.
(pdftex.def)             Requested size: 430.31812pt x 207.67204pt.

Overfull \hbox (64.83876pt too wide) in paragraph at lines 444--452
[]\T1/lmr/bx/n/12 (-20) Branch hy-giene. \T1/lmr/m/n/12 (-20) Ev-ery con-nec-to
r was de-vel-oped on its own fea-ture branch (\T1/lmtt/m/n/12 wordpress-connect
or\T1/lmr/m/n/12 (-20) ,
 []


Overfull \hbox (38.77444pt too wide) in paragraph at lines 444--452
\T1/lmtt/m/n/12 freshbooks-connector\T1/lmr/m/n/12 (-20) , \T1/lmtt/m/n/12 Harn
ess_connector\T1/lmr/m/n/12 (-20) , \T1/lmtt/m/n/12 MySQL-connector\T1/lmr/m/n/
12 (-20) , \T1/lmtt/m/n/12 Google-Forms-connector\T1/lmr/m/n/12 (-20) ,
 []

[34 <./figures/screenshots/paricular_connector_endpoint_test.jpg>]
Overfull \hbox (33.46773pt too wide) in paragraph at lines 461--467
\T1/lmtt/m/n/12 generate_openapi_spec.py\T1/lmr/m/n/12 (-20) , \T1/lmtt/m/n/12 
generate_auth_config.py\T1/lmr/m/n/12 (-20) , and \T1/lmtt/m/n/12 populate_conn
ector_db.py
 []


Overfull \hbox (41.80418pt too wide) in paragraph at lines 492--499
\T1/lmr/m/n/12 (-20) PII mask-ing), \T1/lmtt/m/n/12 JoinerComponent\T1/lmr/m/n/
12 (-20) , \T1/lmtt/m/n/12 HTTPNodeComponent\T1/lmr/m/n/12 (-20) , \T1/lmtt/m/n
/12 ForeachComponent\T1/lmr/m/n/12 (-20) , \T1/lmtt/m/n/12 SwitchComponent\T1/l
mr/m/n/12 (-20) ,
 []

[35]) [36]
\openout2 = `chapters/skills.aux'.

 (chapters/skills.tex
Chapter 5.
[37




] [38] [39] [40] [41] [42]) [43]
\openout2 = `chapters/life.aux'.

 (chapters/life.tex
Chapter 6.
[44




] [45] [46]
Overfull \hbox (107.9662pt too wide) in paragraph at lines 166--172
[]\T1/lmr/m/n/12 (-20) Beyond di-rect men-tor-ship, the com-pany main-tains an 
ac-tive en-gi-neer-ing blog (\T1/lmtt/m/n/12 https://blog.flowgenx.ai/\T1/lmr/m
/n/12 (-20) )
 []

[47]) [48]
\openout2 = `chapters/conclusion.aux'.

 (chapters/conclusion.tex
Chapter 7.
[49




]) [50]
\openout2 = `chapters/references.aux'.

 (chapters/references.tex [51




]
Overfull \hbox (54.31485pt too wide) in paragraph at lines 43--48
[]\T1/lmr/m/n/12 (-20) Internal doc-u-men-ta-tion of the \T1/lmtt/m/n/12 runtim
e_connectivity\T1/lmr/m/n/12 (-20) , \T1/lmtt/m/n/12 runtime_apis\T1/lmr/m/n/12
 (-20) , and \T1/lmtt/m/n/12 runtime_components
 []

) [52] (main.aux (chapters/titlepage.aux) (extra/transmittal.aux)
(extra/endorsement.aux) (chapters/acknowledgement.aux)
(chapters/executive_summary.aux) (chapters/introduction.aux)
(chapters/company_profile.aux) (chapters/methodology.aux)
(chapters/internship_activities.aux) (chapters/skills.aux) (chapters/life.aux)
(chapters/conclusion.aux) (chapters/references.aux))
 ***********
LaTeX2e <2025-11-01>
L3 programming layer <2026-03-20>
 ***********
Package rerunfilecheck Info: File `main.out' has not changed.
(rerunfilecheck)             Checksum: ABB20ED52E3EA66DBD6550621A2EFF18;19738.
 ) 
Here is how much of TeX's memory you used:
 18295 strings out of 467690
 300961 string characters out of 5414967
 747922 words of memory out of 5000000
 46544 multiletter control sequences out of 15000+600000
 688532 words of font info for 197 fonts, out of 8000000 for 9000
 1141 hyphenation exceptions out of 8191
 80i,12n,82p,1003b,670s stack positions out of 10000i,1000n,20000p,200000b,200000s
<C:/Users/Rakib/AppData/Local/Programs/MiKTeX/fonts/type1/public/lm/lmbx12.pf
b><C:/Users/Rakib/AppData/Local/Programs/MiKTeX/fonts/type1/public/lm/lmbx8.pfb
><C:/Users/Rakib/AppData/Local/Programs/MiKTeX/fonts/type1/public/lm/lmcsc10.pf
b><C:/Users/Rakib/AppData/Local/Programs/MiKTeX/fonts/type1/public/lm/lmr12.pfb
><C:/Users/Rakib/AppData/Local/Programs/MiKTeX/fonts/type1/public/lm/lmri12.pfb
><C:/Users/Rakib/AppData/Local/Programs/MiKTeX/fonts/type1/public/lm/lmtk10.pfb
><C:/Users/Rakib/AppData/Local/Programs/MiKTeX/fonts/type1/public/lm/lmtt12.pfb
>
Output written on main.pdf (64 pages, 2001061 bytes).
PDF statistics:
 973 PDF objects out of 1000 (max. 8388607)
 226 named destinations out of 1000 (max. 500000)
 32617 words of extra memory for PDF output out of 35830 (max. 10000000)

